239
501
752
1005
1261
1515
1777
2042
2317
2581
2830
3078
3243
3592
3863
4133
4398
4655
4917
5172
5421
5674
5930
6196
6467
6736
6991
7236
7490
7750
8006
8270
8538
8802
9063
9140
9318
9566
9707
9817
10070
10335
10608
10877
11136
11387
11635
11891
12150
12411
12675
12943
13219
13477
13723
13972
14231
14494
14767
15034
15194
15552
15814
16067
16316
16567
16831
17093
17360
17626
17878
18121
18376
18632
18890
19146
19410
19673
19928
20182
20428
20675
20925
21194
21459
21723
21974
22220
22462
22714
22968
23217
23476
23740
24009
24164
24503
24748
24995
25245
25508
25772
26036
26289
26541
26794
27044
27290
27545
27811
28079
28344
28599
28849
29093
29350
29608
29873
30137
30402
30658
30913
31170
31421
31672
31938
32216
32479
32734
32989
33238
33492
33750
34008
34274
34541
34814
35068
35319
35566
35715
36067
36342
36611
36874
37131
37386
37640
37894
38143
38404
38671
38944
39209
39463
39712
39960
40220
40482
40750
41010
41277
41530
41783
42036
42287
42536
42801
43075
43338
43588
43838
44087
44334
44590
44845
45107
45268
45629
45888
46137
46379
46626
46876
47141
47410
47670
47923
48173
48428
48674
48924
49181
49447
49712
49980
50232
50480
50727
50886
51247
51518
51779
52044
52304
52560
52700
53060
53318
53584
53860
54128
54384
54633
54885
55137
55397
55658
55927
56188
56456
56713
56962
57208
57463
57717
57985
58257
58521
58770
59025
59283
59531
59780
60042
60307
60572
60838
61091
61335
61583
61845
62104
62371
62632
62894
63147
63404
63658
63907
64161
64432
64706
64971
65222
65473
65719
65973
66233
66495
66766
67032
67149
67302
67558
67809
68057
68313
68573
68845
69116
69382
69634
69887
70147
70401
70655
70923
71192
71461
71731
71984
72230
72485
72755
73020
73286
73557
73748
73825
74082
74337
74590
74846
75108
75386
75657
75923
76178
76431
76679
76942
77022
77210
77478
77744
78018
78282
78536
78784
79036
79295
79566
79841
80101
80359
80515
80870
80957
81121
81374
81635
81902
82164
82426
82679
82929
83172
83428
83694
83960
84218
84482
84739
84831
84990
85064
85243
85491
85745
86004
86277
86427
86795
87047
87297
87541
87797
88062
88327
88588
88854
89116
89364
89607
89759
89857
90112
90377
90648
90909
90961
91163
91415
91671
91919
92174
92435
92705
92968
93234
93489
93738
93983
94239
94505
94776
95039
95301
95558
95813
96068
96318
96574
96744
97115
97383
97639
97887
98138
98314
98389
98644
98909
99177
99435
99702
99961
100213
100457
100712
100969
101239
101514
101649
101778
102029
102280
102542
102601
102793
103045
103312
103583
103850
104116
104370
104512
104868
105135
105401
105671
105937
106199
106453
106710
106966
107221
107481
107752
108027
108292
108544
108793
109046
109301
109562
109826
110092
110355
110620
110870
111119
111365
111624
111886
112159
112427
112690
112937
113190
113448
113705
113960
114229
114496
114766
115027
115279
115527
115780
116051
116318
116585
116849
117114
117363
117620
117875
118131
118395
118674
118946
119209
119462
119710
119960
120224
120494
120761
121025
121295
121557
121810
122058
122313
122577
122850
123123
123387
123646
123897
124154
124409
124668
124932
125202
125349
125728
125984
126235
126483
126743
127014
127286
127544
127803
128055
128306
128562
128815
129073
129338
129614
129874
130125
130373
130625
130875
131135
131402
131669
131931
132197
132454
132706
132957
133217
133480
133755
134029
134287
134538
134791
135048
135205
135567
135833
136099
136365
136624
136871
136987
137120
137369
137632
137898
138166
138429
138684
138932
139183
139436
139689
139948
140216
140491
140751
140996
141243
141495
141748
142009
142160
142543
142807
143070
143324
143573
143822
144082
144247
144617
144894
145153
145400
145655
145913
146170
146429
146698
146963
147228
147489
147736
147987
148244
148516
148783
149051
149317
149577
149829
150084
150338
150599
150862
151133
151401
151663
151911
152159
152333
152674
152944
153207
153473
153730
153992
154240
154489
154738
155002
155272
155539
155803
156060
156303
156557
156814
157071
157326
157593
157854
158114
158373
158618
158864
159122
159396
159660
159923
160185
160440
160690
160945
161200
161461
161724
161999
162267
162525
162774
163022
163273
163539
163811
164078
164343
164606
164866
165119
165368
165624
165891
166163
166432
166690
166944
167191
167448
167701
167961
168222
168493
168757
169014
169268
169518
169766
170028
170302
170571
170831
171093
171344
171597
171854
172112
172377
172645
172921
173185
173438
173688
173943
174199
174470
174740
175008
175271
175537
175793
176047
176302
176565
176729
177105
177154
177375
177630
177878
178132
178388
178644
178904
179166
179430
179562
179692
179946
180191
180441
180696
180962
181230
181497
181755
182010
182259
182511
182768
183030
183290
183559
183832
184092
184336
184584
184837
185098
185368
185638
185902
186166
186431
186682
186931
187189
187459
187729
188003
188269
188526
188643
188774
189035
189293
189558
189825
190092
190353
190481
190614
190874
191121
191372
191637
191914
192185
192449
192710
192965
193222
193482
193739
194006
194277
194555
194818
195073
195323
195580
195837
196105
196379
196648
196908
197167
197424
197678
197930
198193
198462
198735
199008
199268
199516
199772
200035
200298
200562
200832
201101
201363
201626
201877
202131
202391
202669
202938
203207
203468
203632
203725
203858
203979
204239
204497
204763
205030
205306
205571
205735
205827
206079
206333
206586
206717
206856
207130
207399
207661
207924
208181
208436
208689
208949
209218
209492
209662
210024
210279
210529
210791
211057
211321
211590
211862
212125
212385
212638
212892
213148
213426
213700
213969
214232
214492
214744
215000
215263
215533
215800
216077
216173
216346
216487
216847
217100
217353
217616
217894
218161
218419
218680
218938
219039
219190
219437
219693
219961
220229
220381
220753
221010
221257
221509
221767
222032
222295
222558
222818
223074
223326
223573
223823
224085
224359
224460
224626
224885
225140
225395
225646
225899
226155
226419
226683
226957
227217
227281
227468
227713
227965
228217
228485
228761
229026
229284
229540
229799
230050
230297
230559
230825
231098
231370
231626
231876
232130
232393
232654
232825
233194
233465
233727
233989
234241
234495
234755
235031
235306
235580
235845
236101
236356
236618
236883
237153
237423
237700
237973
238232
238484
238739
239000
239274
239556
239831
240098
240362
240627
240887
241139
241407
241682
241958
242233
242494
242745
243002
243270
243533
243801
244074
244345
244609
244872
245126
245380
245645
245927
246197
246467
246729
246985
247239
247500
247763
247925
248299
248577
248840
249099
249348
249600
249857
250129
250402
250668
250929
251190
251449
251705
251959
252222
252493
252770
253039
253295
253337
253546
253798
254062
254323
254587
254854
255122
255381
255633
255886
256142
256217
256396
256671
256944
257214
257473
257728
257977
258233
258500
258764
259025
259296
259567
259820
260063
260314
260567
260831
261104
261368
261631
261888
262147
262394
262644
262901
263167
263431
263698
263957
264208
264454
264707
264962
265227
265489
265752
266012
266270
266523
266769
267020
267275
267547
267816
268079
268329
268581
268829
269083
269344
269609
269871
270142
270409
270663
270906
271156
271411
271674
271947
272212
272470
272725
272984
273231
273480
273738
274004
274266
274533
274792
274941
275285
275542
275800
276063
276324
276585
276842
277099
277352
277598
277846
278105
278378
278643
278905
279156
279407
279656
279912
280168
280433
280696
280961
281222
281474
281715
281962
282213
282477
282745
283007
283264
283514
283614
283766
284011
284256
284505
284768
285027
285288
285545
285792
286029
286149
286276
286533
286792
287048
287306
287566
287816
288065
288310
288552
288801
289068
289332
289592
289842
289983
290328
290578
290831
291081
291337
291596
291859
292103
292279
292344
292581
292807
293060
293312
293574
293738
293818
293906
294066
294308
294547
294786
295026
295269
295521
295776
296035
296292
296535
296776
297017
297270
297522
297777
298031
298292
298544
298789
299034
299281
299526
299785
300053
300314
300563
300812
301059
301305
301555
301807
302069
302330
302595
302854
303103
303221
303346
303597
303845
304109
304382
304642
304897
305152
305410
305658
305910
306167
306436
306704
306972
307230
307480
307731
307990
308253
308521
308788
309053
309313
309570
309823
310074
310329
310595
310871
311141
311399
311650
311902
312158
312414
312675
312943
313208
313480
313739
313989
314237
314493
314751
315022
315296
315563
315818
316076
316332
316585
316838
317104
317370
317641
317911
318164
318410
318667
318931
319194
319460
319732
319995
320256
320515
320764
321018
321280
321556
321820
322089
322348
322602
322855
323116
323380
323647
323917
324193
324460
324720
324969
325226
325487
325764
326039
326312
326574
326838
327099
327357
327612
327878
328150
328420
328687
328943
329193
329449
329716
329984
330248
330392
330520
330788
331050
331312
331567
331824
332089
332371
332638
332902
333164
333420
333678
333944
334213
334485
334760
335045
335309
335568
335824
336085
336352
336627
336895
337164
337424
337557
337685
337902
337938
338195
338456
338725
338996
339268
339533
339788
340035
340293
340555
340825
341090
341357
341564
341621
341880
342135
342385
342448
342639
342898
343178
343447
343709
343964
344100
344218
344468
344674
344722
344981
345244
345506
345776
346039
346289
346533
346783
347032
347296
347567
347827
348081
348334
348587
348789
348830
349074
349179
349328
349486
349590
349775
350078
350110
350365
350465
350608
350845
351091
351342
351393
351597
351850
352107
352360
352612
352859
353100
353278
353345
353594
353856
354119
354380
354447
354627
354870
355110
355357
355604
355853
356110
356366
356628
356877
357119
357356
357599
357844
358101
358365
358621
358870
359115
359364
359604
359842
360090
360348
360601
360859
361112
361355
361456
361587
361655
361829
362080
362330
362579
362831
363026
363085
363196
363328
363570
363809
363936
364044
364279
364533
364796
364839
365048
365293
365537
365779
366016
366182
366260
366452
366504
366756
367008
367265
367521
367766
368000
368239
368482
368732
368990
369246
369504
369751
369995
370242
370486
370725
370971
371231
371493
371750
371995
372240
372478
372725
372975
373232
373483
373739
373991
374240
374486
374726
374968
375218
375484
375743
375998
376175
376249
376495
376734
376877
376982
377007
377235
377395
377488
377742
377792
378005
378271
378520
378762
379007
379255
379507
379772
380036
380295
380546
380800
381049
381298
381544
381800
382064
382333
382601
382849
383093
383339
383422
383596
383848
384109
384274
384368
384630
384882
385132
385380
385437
385626
385873
386132
386403
386667
386760
386916
387164
387409
387651
387898
388144
388402
388657
388918
389181
389427
389664
389907
390152
390410
390676
390933
391186
391435
391503
391683
391771
391925
392168
392322
392415
392673
392932
393197
393459
393707
393948
394200
394457
394710
394969
395235
395495
395753
396004
396102
396251
396498
396751
397017
397280
397544
397797
398043
398283
398533
398592
398784
399034
399290
399552
399818
400070
400314
400557
400804
401055
401315
401577
401836
402089
402340
402590
402836
403074
403325
403583
403845
404104
404352
404596
404734
404833
405080
405328
405476
405830
406090
406339
406584
406829
407067
407304
407545
407804
407948
408057
408310
408558
408797
409029
409267
409511
409749
409995
410244
410499
410742
410978
411204
411432
411663
411907
411956
412377
412401
412648
412790
413113
413362
413590
413815
414072
414296
414541
414788
415032
415265
415494
415729
415948
416204
416448
416690
416938
417179
417433
417649
417875
418104
418330
418575
418819
419063
419294
419524
419745
419984
420212
420447
420681
420921
421167
421417
421654
421881
422111
422342
422583
422813
423064
423307
423547
423784
424025
424254
424484
424715
424955
425195
425444
425694
425929
426160
426330
426619
426856
427094
427332
427574
427814
428052
428287
428513
428738
428965
429202
429346
429447
429692
429934
430167
430398
430625
430855
431088
431320
431563
431805
431873
432055
432298
432535
432759
432986
433216
433334
433456
433700
433945
434191
434426
434663
434899
435073
435216
435352
435587
435828
436069
436231
436314
436560
436793
437017
437241
437477
437708
437943
438181
438421
438656
438892
439123
439346
439567
439789
440027
440273
440510
440743
440978
441207
441255
441429
441655
441887
442036
442351
442595
442841
442921
443074
443307
443529
443751
443974
444208
444392
444447
444686
444789
444929
445163
445399
445631
445857
446080
446306
446539
446778
447023
447267
447502
447728
447954
448182
448414
448649
448882
449122
449364
449605
449838
450066
450294
450517
450752
450813
451229
451267
451480
451720
451957
452182
452406
452643
452875
453112
453357
453606
453848
454084
454308
454523
454761
454993
455235
455476
455717
455951
456192
456408
456653
456878
456929
457320
457349
457590
457838
458087
458319
458548
458780
459018
459249
459492
459735
459979
460223
460467
460703
460931
461163
461394
461638
461887
462138
462380
462617
462852
463085
463317
463549
463791
464028
464275
464524
464765
464990
465066
465217
465447
465675
465910
466156
466398
466542
466871
467114
467341
467475
467567
467790
468022
468260
468505
468655
468993
469228
469452
469685
469915
470145
470378
470621
470863
471102
471339
471569
471794
472017
472251
472494
472734
472977
473218
473453
473679
473911
473962
474144
474373
474610
474852
475102
475347
475587
475814
476038
476266
476500
476740
476981
477224
477462
477705
477942
478172
478395
478622
478859
479099
479344
479588
479825
480055
480282
480516
480745
480979
481215
481458
481700
481940
482178
482405
482632
482855
483090
483334
483578
483812
484051
484288
484513
484741
484974
485203
485433
485676
485926
486163
486397
486623
486849
487072
487304
487542
487779
488018
488257
488498
488730
488957
489177
489405
489638
489875
490119
490362
490597
490825
491052
491283
491508
491740
491973
492213
492452
492695
492932
493037
493157
493383
493606
493836
494078
494242
494318
494551
494787
495023
495248
495478
495709
495935
496168
496409
496662
496907
497146
497373
497600
497828
498060
498299
498538
498780
499018
499261
499498
499725
499944
500174
500410
500647
500891
501142
501381