960
957
953
953
955
955
957
955
959
959
960
962
963
959
957
958
958
960
962
960
958
957
954
954
955
955
957
951
953
957
961
960
957
954
959
962
962
962
957
955
957
960
960
959
959
958
962
965
966
966
966
971
973
977
979
980
981
984
989
992
996
994
996
1000
1003
1007
1010
1014
1016
1015
1023
1027
1032
1032
1032
1036
1041
1044
1046
1041
1039
1039
1038
1040
1038
1036
1033
1026
1026
1021
1021
1018
1016
1011
1010
1008
1008
1003
999
997
1000
997
995
990
989
987
988
988
986
985
983
984
984
984
982
979
980
979
980
981
981
981
979
982
981
987
988
988
988
987
990
995
997
994
990
991
994
996
999
999
999
999
1000
1005
1008
1004
1002
1005
1009
1012
1013
1010
1009
1013
1017
1018
1018
1019
1017
1014
1017
1019
1020
1020
1021
1022
1026
1030
1035
1038
1034
1033
1032
1030
1033
1037
1041
1047
1052
1054
1053
1052
1051
1053
1053
1050
1048
1047
1046
1042
1033
1023
1015
1004
995
992
989
989
987
989
989
991
994
998
1001
996
993
992
998
1001
998
997
995
997
1002
1006
1007
1006
1004
1000
999
995
991
986
984
985
992
1010
1034
1065
1096
1128
1165
1201
1227
1251
1267
1278
1284
1270
1244
1216
1188
1162
1131
1097
1069
1048
1033
1018
1003
989
976
960
946
934
930
927
924
919
914
910
905
900
901
899
896
894
895
901
905
902
896
895
898
907
910
908
906
904
908
913
914
913
916
918
919
920
921
920
924
927
930
929
920
916
917
921
920
923
925
923
922
923
926
928
929
926
925
926
926
930
930
927
930
934
938
945
948
946
944
948
954
960
964
968
968
967
972
977
981
980
978
976
980
983
984
982
979
979
982
985
984
982
977
974
975
977
976
975
972
970
965
967
966
968
969
969
969
968
970
970
969
966
966
970
973
973
974
976
975
967
963
959
960
961
968
972
972
968
964
963
968
971
971
967
966
963
968
972
971
967
967
968
976
975
967
958
959
961
965
968
972
971
970
968
969
974
973
967
963
963
969
972
970
970
965
967
972
974
973
973
971
968
968
971
970
967
965
967
971
976
982
986
988
987
986
985
983
986
992
994
997
1001
999
1000
999
997
1000
1000
1004
1004
999
993
984
974
963
950
939
935
939
942
941
941
940
935
935
939
941
941
938
938
945
949
949
947
945
947
951
957
956
952
951
951
951
951
949
944
951
965
989
1018
1045
1077
1106
1139
1177
1207
1233
1250
1258
1253
1235
1210
1182
1157
1130
1105
1083
1070
1061
1040
1016
997
987
982
973
956
943
931
925
921
916
913
910
911
916
920
921
924
922
922
916
912
909
909
912
915
919
920
921
921
916
913
918
923
919
913
909
911
915
919
922
922
920
920
919
920
924
926
927
921
920
922
921
925
929
932
927
922
917
913
915
919
923
926
930
932
935
935
939
945
951
951
949
950
954
956
957
957
954
954
956
964
975
982
982
976
972
970
972
971
971
967
970
971
973
973
972
968
966
964
961
955
946
944
949
950
954
956
953
951
951
953
953
951
946
947
953
954
956
957
957
954
951
953
952
951
947
945
948
947
949
947
946
945
947
948
947
945
945
944
947
948
948
950
949
946
948
948
955
951
952
954
955
959
962
965
963
962
958
958
964
966
961
954
954
955
960
958
959
960
961
964
965
970
974
975
974
971
966
971
979
989
999
1003
1003
1003
1006
1014
1015
1012
1012
1008
1004
999
995
984
973
962
954
953
956
957
958
958
956
950
950
954
958
961
960
957
964
970
974
971
970
967
968
974
978
983
980
979
979
982
980
982
995
1017
1051
1083
1108
1136
1170
1205
1245
1270
1283
1278
1268
1248
1226
1198
1165
1138
1120
1108
1094
1081
1061
1040
1018
998
985
972
958
951
942
935
929
927
924
922
921
930
937
942
941
938
934
929
927
931
934
938
937
936
938
941
941
942
940
941
942
942
945
941
937
935
936
939
935
934
930
929
934
940
943
943
941
938
943
943
946
945
946
947
949
956
960
960
958
960
962
967
972
968
968
967
972
978
983
988
984
982
985
988
992
997
998
998
997
999
1002
1003
1003
1000
998
999
1000
1000
997
993
993
992
995
989
989
985
987
987
989
983
978
976
981
986
987
984
975
969
974
977
977
973
971
972
976
975
975
972
970
968
969
969
970
970
970
967
968
971
973
975
976
976
977
978
976
976
977
975
977
984
989
989
983
978
979
982
982
984
985
987
988
992
990
988
985
983
984
990
991
990
987
986
987
988
992
993
988
984
986
993
995
996
1000
1006
1010
1011
1006
1006
1005
1012
1018
1024
1025
1025
1026
1027
1029
1032
1028
1023
1017
1018
1021
1020
1008
991
979
973
974
973
972
969
968
969
973
975
974
972
968
969
971
971
970
969
969
971
973
976
975
977
972
969
969
967
967
965
968
977
1001
1027
1058
1094
1132
1171
1203
1232
1253
1265
1256
1239
1216
1192
1156
1122
1098
1084
1076
1064
1045
1024
1004
986
972
961
952
944
934
930
927
926
925
922
918
914
918
922
925
927
927
924
927
931
929
927
930
930
933
935
939
938
934
933
936
937
936
936
934
930
933
937
935
933
932
930
931
930
933
936
936
933
934
937
937
936
934
935
936
937
938
941
935
934
938
942
943
946
945
946
949
953
954
955
957
954
959
965
969
969
968
969
972
975
976
976
975
974
975
975
969
963
959
954
953
955
957
958
957
952
952
953
956
958
957
955
958
960
962
960
959
959
958
956
956
957
955
951
951
954
954
954
955
952
953
959
960
960
958
957
960
960
957
956
953
957
960
966
967
964
959
957
960
961
964
963
961
961
964
967
970
969
966
965
965
965
963
965
962
961
965
967
966
965
959
958
961
962
959
959
962
961
966
969
972
971
971
973
975
980
982
981
977
978
984
986
993
995
988
992
999
1005
1004
1000
992
986
990
988
983
977
968
954
947
944
942
939
940
945
948
946
948
949
947
946
945
947
950
947
945
943
944
947
947
948
945
948
950
951
951
947
943
939
941
941
949
964
985
1014
1053
1090
1127
1159
1185
1210
1232
1246
1239
1223
1205
1184
1164
1138
1111
1087
1073
1065
1052
1031
1015
999
984
965
951
939
930
921
912
906
905
909
907
909
903
901
904
908
911
908
901
899
903
908
913
911
910
909
914
916
915
912
914
913
912
914
913
912
913
908
910
915
919
919
915
912
910
913
916
915
911
910
914
919
922
920
919
918
918
923
921
922
925
926
928
931
936
939
939
942
944
948
952
953
959
963
969
969
970
971
972
976
978
980
980
979
976
972
974
976
976
975
975
972
973
968
962
958
955
954
956
959
961
959
956
952
953
953
953
953
950
949
950
950
949
947
945
940
941
941
941
940
942
941
942
938
940
939
938
937
940
942
941
940
938
938
938
939
938
938
937
937
937
939
940
937
935
932
935
938
939
936
934
936
936
936
939
944
942
939
937
933
933
930
929
931
936
941
941
941
940
943
945
948
952
948
942
936
938
949
955
962
962
966
969
973
976
976
978
976
977
974
973
971
968
962
957
948
936
928
926
926
927
927
928
927
927
924
924
924
925
924
925
928
931
932
933
927
924
918
919
920
920
925
926
927
925
919
910
908
914
925
944
968
993
1027
1069
1107
1145
1170
1191
1206
1211
1206
1188
1170
1149
1129
1100
1068
1045
1037
1028
1013
987
968
951
940
930
918
905
898
893
889
891
888
888
887
886
883
876
878
878
879
882
881
882
884
885
886
890
890
888
885
885
887
888
892
892
894
896
894
899
903
897
889
883
887
895
895
888
886
887
890
894
895
899
898
899
898
892
890
884
884
887
890
897
902
902
902
900
904
911
913
916
917
917
921
923
929
930
931
932
931
934
939
946
953
954
952
954
957
961
962
961
960
961
960
958
960
955
953
947
939
938
945
948
951
953
952
945
935
931
933
939
943
950
950
946
942
937
931
929
934
935
932
938
940
939
941
939
938
938
939
937
937
935
934
938
939
943
943
938
931
930
935
940
938
936
934
937
943
946
943
937
929
930
935
943
942
936
935
939
941
944
942
939
935
939
941
944
942
939
938
936
941
945
942
937
938
941
944
944
941
944
948
953
959
963
965
961
956
956
966
975
982
978
976
976
984
988
988
984
976
974
973
973
969
964
957
948
942
935
934
934
928
931
931
930
930
931
930
932
936
936
938
934
936
938
940
936
934
931
937
942
944
944
940
933
929
930
936
951
970
990
1013
1043
1075
1110
1143
1175
1204
1229
1238
1231
1210
1188
1164
1144
1121
1088
1061
1044
1033
1023
1007
986
971
957
943
936
926
918
911
910
906
906
904
905
904
905
911
910
911
909
908
907
906
908
913
911
909
906
906
909
913
914
910
905
905
908
907
913
913
910
909
907
913
913
914
911
906
907
911
913
910
911
909
911
913
910
907
909
911
914
913
915
918
916
919
925
931
931
931
930
927
932
941
944
946
949
949
955
956
959
957
959
960
968
970
972
970
968
968
970
974
977
977
977
974
975
973
969
966
962
959
961
963
963
964
963
962
963
964
965
961
956
954
952
952
952
955
957
957
958
960
958
953
949
949
951
949
949
949
951
952
954
959
954
950
944
942
947
950
955
955
950
948
948
952
955
958
952
950
950
948
950
956
953
951
953
955
958
955
956
954
956
958
960
957
949
947
951
956
962
958
954
955
956
960
963
961
955
952
955
962
968
973
970
969
969
973
977
978
980
984
984
985
988
992
996
999
1002
1003
999
995
988
985
991
995
994
986
974
963
953
947
948
948
946
946
948
952
953
953
947
944
942
942
947
952
952
949
949
951
951
949
949
952
956
958
957
952
952
950
952
952
952
961
977
1005
1037
1068
1098
1134
1168
1199
1226
1242
1259
1259
1246
1220
1196
1171
1150
1122
1091
1063
1050
1040
1024
1008
992
981
970
960
946
936
930
929
934
936
934
929
922
919
920
917
916
922
926
927
929
931
929
928
926
924
929
932
929
929
924
925
926
927
928
923
923
925
932
932
928
926
923
925
930
936
935
932
923
922
923
924
928
930
928
928
927
927
929
928
926
924
929
931
934
932
935
935
939
940
940
941
944
945
950
952
954
957
961
962
967
972
978
979
981
978
983
984
985
984
981
981
982
986
989
987
984
984
983
982
983
982
978
975
973
970
971
969
970
972
971
970
968
963
963
961
964
966
965
962
961
963
963
965
960
958
959
957
958
958
956
954
955
959
958
961
957
953
948
946
953
955
959
956
956
950
950
951
953
951
950
950
955
960
960
956
953
949
951
953
955
956
954
954
956
960
955
954
955
958
961
962
962
963
955
950
947
950
952
956
958
956
960
961
962
959
960
958
962
970
976
979
975
973
970
970
971
978
983
987
993
998
996
990
987
989
994
999
998
996
993
992
992
987
978
966
953
947
949
951
952
949
951
946
945
944
944
946
946
947
949
952
954
950
947
945
946
950
953
954
953
955
957
958
955
954
952
949
949
957
967
982
1006
1030
1061
1095
1128
1160
1186
1212
1235
1255
1263
1259
1239
1215
1188
1166
1138
1102
1074
1057
1046
1032
1011
989
974
961
952
945
940
932
926
919
913
913
915
912
914
911
909
908
910
915
917
917
919
921
925
921
918
913
915
915
916
916
914
916
919
922
923
922
921
923
924
923
919
916
914
915
916
918
922
921
920
920
920
919
916
916
920
921
922
922
922
923
925
924
927
927
926
927
932
938
941
943
943
942
941
945
949
957
958
962
960
961
969
974
978
984
986
985
981
978
978
981
981
979
980
979
979
976
972
970
970
975
976
974
972
970
969
965
962
962
962
963
969
969
965
960
957
957
962
965
964
960
955
955
959
962
961
961
958
957
956
955
952
952
947
947
950
955
957
956
955
950
948
949
955
958
956
952
952
953
956
959
956
955
957
957
958
956
954
952
956
956
956
953
950
949
957
960
961
960
957
955
960
963
963
962
958
956
957
963
967
966
966
968
973
977
982
981
983
976
974
977
983
993
995
992
995
995
999
999
996
990
990
992
993
986
976
968
963
959
953
951
946
941
944
944
946
951
953
948
942
943
944
949
946
949
952
956
955
953
949
947
949
951
954
955
954
952
948
949
952
961
983
1010
1045
1080
1115
1150
1187
1215
1237
1256
1270
1266
1247
1219
1194
1171
1146
1110
1079
1059
1046
1030
1010
990
974
959
948
938
931
927
924
920
920
918
914
912
908
906
910
915
915
915
916
918
920
923
921
918
916
916
919
920
922
923
923
923
924
927
926
926
920
912
911
917
920
924
923
923
925
927
926
921
921
922
927
930
929
928
928
927
931
934
934
936
939
942
945
947
949
951
951
948
949
955
962
965
965
965
973
977
983
987
989
990
994
1000
1005
1005
1005
1000
998
996
994
993
992
990
990
995
995
994
986
978
976
981
980
979
979
977
979
980
981
983
979
972
970
975
978
975
972
970
972
972
969
967
966
965
973
977
979
976
970
966
963
966
968
969
969
969
972
971
970
969
970
971
972
975
975
973
971
970
970
972
970
970
972
974
979
977
972
971
971
975
977
975
976
974
972
973
976
977
974
969
969
971
978
988
993
998
998
993
989
989
992
998
1000
1002
1008
1011
1016
1019
1017
1013
1007
1004
1004
1005
1000
993
986
975
970
966
963
962
963
967
967
965
961
960
960
962
966
964
964
968
971
978
978
971
958
957
966
975
975
973
971
971
974
986
1005
1041
1081
1123
1167
1209
1237
1262
1281
1291
1283
1253
1221
1191
1159
1122
1092
1075
1061
1042
1019
999
988
979
967
956
946
940
931
925
925
928
928
932
936
935
929
923
922
927
934
937
936
933
933
934
934
934
934
934
932
933
934
933
932
931
929
927
931
933
936
936
933
927
927
930
932
932
928
930
934
935
935
935
934
931
932
929
934
939
945
949
951
954
953
952
954
953
957
963
971
972
972
973
976
982
985
984
985
984
991
992
991
988
985
983
984
988
988
990
985
976
974
976
976
977
976
976
977
977
973
967
962
963
966
970
972
969
965
960
960
960
960
961
962
962
965
965
965
961
959
957
961
960
961
957
955
957
957
959
961
956
952
952
957
961
963
962
961
961
963
962
964
961
961
957
960
961
961
964
960
960
959
958
956
958
959
961
962
964
967
965
965
963
962
961
960
961
964
969
973
973
976
977
978
973
973
977
983
991
995
995
997
998
1003
1006
1006
996
992
991
994
996
992
984
979
967
960
949
948
946
951
954
955
956
960
957
955
954
949
950
954
957
959
957
955
961
960
955
953
958
964
965
961
955
952
960
965
981
1007
1040
1082
1127
1173
1210
1238
1256
1267
1264
1243
1218
1193
1171
1145
1113
1084
1065
1055
1044
1025
1002
983
969
957
943
936
933
929
929
926
924
921
919
915
912
915
917
920
922
922
921
922
922
923
924
923
921
922
923
928
932
930
925
922
919
922
927
926
925
923
922
922
927
932
931
923
920
923
927
925
927
927
928
932
933
933
932
931
932
936
942
944
945
945
946
951
956
957
961
962
963
968
971
973
973
976
980
986
990
990
991
985
985
992
997
997
993
987
984
990
989
986
982
980
980
980
980
975
973
974
978
981
978
974
972
970
970
972
974
976
968
964
965
969
973
971
971
969
970
970
972
969
966
963
961
962
963
965
963
963
964
969
972
971
970
968
972
977
991
1008
1028
1047
1071
1102
1140
1173
1202
1228
1253
1287
1319
1346
1370
1388
1397
1384
1342
1279
1215
1156
1097
1039
990
956
931
915
907
904
905
906
910
911
913
915
921
920
921
917
915
918
921
920
914
911
909
908
908
909
908
908
912
915
921
918
917
915
917
920
923
920
915
911
905
906
904
907
910
907
909
912
913
909
905
902
900
902
904
907
909
909
906
908
910
912
912
909
911
915
920
921
922
923
925
928
931
932
934
934
935
940
946
951
953
956
960
963
969
971
973
973
973
979
982
984
984
985
984
986
985
986
986
987
985
982
978
977
980
979
980
978
982
982
979
977
975
980
985
984
985
978
972
974
983
989
987
984
981
974
971
974
977
980
975
976
979
979
978
977
975
979
979
980
980
979
976
978
981
981
978
977
975
978
979
978
978
979
979
982
982
979
975
973
973
980
984
985
984
982
979
979
977
978
978
977
974
980
981
984
984
982
982
986
988
988
986
983
980
982
986
989
987
985
990
991
993
994
992
987
987
989
992
997
994
990
989
992
994
993
991
987
987
992
995
993
991
988
988
990
993
993
993
993
990
991
992
996
992
993
993
996
996
994
992
988
986
986
989
992
997
996
995
991
989
991
989
990
990
991
994
994
991
991
993
995
998
997
995
993
993
996
998
1000
1002
1000
997
993
991
989
992
991
989
993
1000
1005
1007
1013
1012
1013
1014
1011
1016
1019
1023
1027
1032
1032
1034
1030
1031
1034
1036
1036
1033
1029
1024
1019
1018
1014
1009
999
991
986
985
986
980
979
979
980
983
984
986
984
979
983
983
983
988
989
989
987
988
989
989
990
994
999
998
993
988
987
991
1002
1018
1038
1067
1101
1142
1187
1222
1249
1269
1285
1290
1282
1259
1234
1208
1188
1169
1149
1123
1099
1082
1071
1052
1035
1020
1006
991
976
962
953
951
952
950
945
938
940
945
944
943
940
938
941
942
942
941
941
941
945
946
947
944
946
945
948
951
948
943
941
942
945
949
954
952
946
939
940
943
947
949
947
946
945
947
950
950
949
950
951
951
951
948
947
949
956
964
971
974
967
961
964
970
975
978
980
984
988
992
994
994
997
996
1004
1010
1014
1017
1017
1021
1026
1033
1034
1030
1028
1026
1028
1036
1039
1041
1037
1032
1030
1030
1032
1032
1030
1029
1022
1020
1020
1016
1012
1006
1008
1007
1007
1001
996
991
989
992
992
987
985
985
989
990
990
986
984
983
985
989
985
981
977
975
975
980
981
979
977
974
973
978
980
980
980
975
977
978
979
977
976
974
976
977
978
978
979
979
980
981
982
981
979
981
981
986
984
979
974
975
979
980
980
984
981
979
981
982
981
981
982
978
981
985
989
991
992
995
1000
1004
1003
1000
999
1001
1006
1013
1018
1019
1020
1018
1018
1017
1019
1020
1018
1015
1018
1022
1023
1021
1015
1007
995
984
972
966
965
963
966
970
968
966
964
961
965
970
970
971
969
968
969
974
976
974
974
972
972
975
980
980
976
971
970
975
977
976
975
977
981
995
1018
1046
1080
1114
1149
1186
1217
1241
1259
1270
1279
1268
1245
1223
1201
1181
1160
1131
1103
1083
1068
1053
1036
1023
1009
993
983
971
962
956
952
953
949
941
937
934
935
936
934
934
936
939
938
940
939
939
941
946
948
946
943
937
933
938
943
945
943
941
937
940
946
946
941
938
939
943
948
950
948
945
943
943
941
940
939
939
937
940
941
946
944
944
945
950
951
952
949
945
946
947
953
954
956
958
958
959
963
965
966
968
976
981
984
983
981
983
987
994
996
994
997
1000
1002
1001
1001
1000
1001
1001
1004
1008
1010
1007
1002
996
995
992
992
995
995
994
996
996
995
992
987
983
986
987
991
988
988
986
987
985
982
980
975
977
977
982
984
985
981
978
981
984
982
979
976
974
975
978
983
982
978
973
977
978
979
983
978
979
982
983
983
978
979
978
979
983
984
981
980
981
984
987
985
984
979
978
976
978
974
977
977
977
978
978
979
980
978
980
983
985
984
982
980
983
985
988
994
998
1000
1002
1001
1005
1004
1006
1006
1012
1017
1023
1026
1027
1028
1028
1033
1030
1027
1022
1020
1019
1016
1010
996
980
969
961
966
968
970
970
970
968
969
971
972
972
970
967
970
975
976
975
971
970
974
975
977
974
975
974
976
978
979
974
970
964
969
980
1001
1028
1061
1094
1133
1174
1212
1242
1262
1279
1281
1272
1249
1221
1197
1171
1143
1117
1098
1083
1064
1042
1028
1015
1001
982
964
953
951
952
951
946
937
931
932
933
934
934
931
931
933
933
936
937
937
936
937
935
937
936
937
938
939
941
943
947
944
939
933
933
934
939
940
939
941
943
941
935
934
934
935
940
941
941
941
942
943
941
942
943
945
946
944
944
942
943
946
949
956
960
962
962
962
962
965
967
973
977
977
976
984
990
996
999
999
998
998
1001
1005
1008
1010
1008
1010
1011
1014
1013
1010
1007
1003
1003
1004
1002
1001
995
997
996
992
990
986
986
986
989
988
985
988
987
987
987
987
988
989
984
985
986
986
985
986
979
982
984
989
989
987
981
975
972
974
979
980
976
979
977
983
982
980
976
976
978
981
980
980
981
980
980
978
979
976
976
978
981
978
976
976
976
979
982
983
982
979
976
973
971
973
972
971
966
966
968
972
977
972
969
969
972
979
986
989
989
989
994
993
990
985
984
993
1001
1007
1005
1003
1004
1015
1017
1016
1012
1009
1011
1013
1012
1008
996
986
978
971
967
965
960
955
954
958
960
960
963
964
962
956
964
967
967
968
962
961
960
963
965
970
971
971
972
972
968
967
965
968
970
975
992
1021
1060
1102
1141
1178
1213
1239
1262
1286
1296
1283
1260
1237
1211
1187
1156
1122
1097
1079
1064
1051
1033
1014
995
977
966
956
950
943
938
933
928
925
928
929
929
928
928
934
935
935
935
934
933
938
940
943
942
936
931
928
935
941
940
937
934
936
943
942
936
931
930
934
937
938
935
936
933
934
934
935
936
935
936
932
933
938
942
948
950
944
943
943
946
950
952
956
963
963
960
962
964
972
978
976
976
981
984
990
997
1002
1001
1001
1002
1000
1003
1003
1001
1001
998
1000
999
1000
999
1001
999
995
990
985
984
985
985
983
984
985
985
983
980
982
982
981
979
979
978
982
982
980
978
975
973
974
975
973
974
974
975
974
978
979
979
978
976
976
977
978
979
976
975
972
977
979
975
977
976
978
978
979
977
976
974
975
976
977
978
975
975
976
979
980
977
980
975
975
976
979
980
979
979
980
984
985
986
986
987
987
988
993
997
999
1002
1004
1004
1000
1002
1009
1016
1021
1024
1026
1028
1029
1032
1034
1037
1037
1035
1030
1027
1022
1016
1009
1000
992
987
986
986
986
985
982
978
979
984
986
986
984
978
978
983
985
985
984
981
985
985
989
990
993
991
988
985
985
987
984
983
986
1001
1026
1058
1089
1116
1149
1185
1221
1246
1261
1270
1269
1256
1234
1208
1188
1170
1145
1117
1094
1079
1063
1045
1033
1019
1004
989
976
963
962
959
954
948
946
940
940
944
946
946
945
942
946
951
951
951
952
952
951
947
950
949
949
946
949
948
952
951
950
950
951
948
950
949
947
947
952
952
952
948
946
945
947
950
947
943
944
947
949
950
951
952
957
956
958
956
958
965
966
962
958
954
961
969
974
973
979
981
983
984
985
989
992
1000
1002
1003
1004
1005
1012
1011
1008
1006
1006
1009
1012
1014
1014
1014
1009
1002
1002
1003
1002
1002
998
998
997
998
998
996
993
994
995
997
995
994
992
991
991
990
992
992
990
990
991
995
995
994
991
988
988
986
983
982
986
985
986
986
987
985
986
989
991
988
986
984
981
986
987
989
990
989
989
987
987
988
988
987
987
984
988
994
997
997
989
982
976
978
987
993
993
994
989
990
990
989
990
984
986
982
988
990
992
996
1001
1008
1017
1017
1015
1011
1009
1012
1011
1012
1012
1016
1023
1026
1029
1032
1029
1025
1024
1025
1026
1024
1019
1009
1002
994
989
978
973
972
974
973
972
973
969
970
975
977
980
979
980
978
978
980
981
980
982
981
980
983
982
983
985
985
984
979
979
977
977
987
1008
1037
1070
1106
1140
1177
1213
1242
1267
1287
1297
1282
1254
1228
1209
1187
1160
1127
1106
1086
1067
1044
1023
1010
1003
998
988
975
960
952
949
947
946
944
946
939
941
944
948
947
944
940
943
946
947
947
947
946
949
950
952
951
949
946
949
951
951
950
949
949
952
954
955
954
952
947
944
943
947
953
954
952
952
953
956
957
953
949
948
950
951
954
956
956
958
961
965
967
966
968
969
970
977
984
989
987
985
986
992
997
1002
1003
1011
1015
1016
1016
1008
1004
1008
1014
1018
1020
1019
1017
1016
1015
1017
1013
1006
1002
1001
1003
1002
1001
997
991
990
994
996
995
995
992
990
991
987
983
982
983
985
989
985
980
978
979
984
988
984
982
977
973
969
975
976
973
974
973
976
978
978
976
973
971
975
976
977
979
978
974
973
972
972
973
972
972
973
974
974
974
970
968
968
970
971
971
970
970
973
977
976
973
972
974
977
980
980
980
978
978
982
988
994
997
995
995
998
1001
1005
1005
1000
998
1007
1013
1020
1022
1020
1017
1014
1011
1006
1008
1006
998
993
985
976
969
967
964
962
959
958
958
961
964
966
967
963
961
962
965
967
966
967
965
967
968
971
974
976
972
967
961
957
963
974
990
1017
1048
1088
1130
1172
1211
1239
1264
1282
1282
1262
1237
1213
1186
1157
1121
1093
1075
1063
1039
1020
1000
985
970
958
946
938
937
933
931
929
926
928
925
924
923
923
923
926
929
931
931
931
929
929
930
931
928
930
933
934
937
935
936
933
929
928
928
929
932
933
932
931
934
935
933
929
927
930
934
936
935
934
935
938
940
941
942
941
943
947
950
953
953
959
960
962
965
971
974
977
976
979
983
989
989
988
987
991
996
997
996
993
990
990
993
993
993
990
986
984
984
986
985
979
974
972
973
977
977
973
969
967
967
971
969
969
965
965
969
970
970
965
962
960
961
963
965
965
964
962
962
962
961
964
961
961
963
963
964
964
961
963
967
968
968
964
961
963
967
969
967
964
964
968
971
971
967
966
962
965
970
970
969
964
963
964
964
965
966
966
965
971
971
971
968
969
965
968
972
973
976
977
980
984
985
985
981
983
988
997
1003
1003
1004
1004
1005
1011
1015
1015
1010
1005
999
998
999
995
987
976
967
960
957
959
956
954
952
952
953
953
953
954
957
961
959
958
956
957
958
955
959
960
959
959
963
967
970
960
948
943
953
974
1001
1035
1070
1108
1145
1185
1220
1245
1258
1253
1230
1206
1189
1171
1148
1115
1083
1067
1056
1048
1031
1011
991
978
968
961
952
939
928
927
926
925
925
923
921
922
924
927
925
919
918
924
930
932
930
928
928
928
927
928
932
933
933
930
929
928
929
928
927
928
928
928
929
927
923
923
925
928
929
931
931
929
928
930
927
925
927
936
939
935
934
932
935
945
950
949
948
949
954
958
965
967
968
970
971
973
979
984
988
988
986
985
986
991
995
993
985
978
980
985
987
984
981
980
980
977
975
968
969
970
971
973
971
969
970
972
971
971
969
967
968
968
970
969
968
968
966
965
965
965
968
967
965
963
964
966
964
963
964
965
966
965
965
966
963
961
967
968
967
963
963
964
964
966
963
965
966
966
964
968
970
965
962
965
965
965
969
969
967
965
966
964
964
966
968
968
972
970
969
967
971
976
980
984
987
991
989
989
984
986
992
1000
1003
1007
1008
1008
1010
1008
1007
1006
1008
1007
1007
1003
998
995
987
978
964
957
953
956
959
960
962
963
959
958
957
958
957
953
956
961
965
962
959
958
960
959
965
969
968
965
965
967
969
971
966
960
960
974
1002
1038
1075
1108
1143
1184
1224
1253
1270
1271
1260
1238
1221
1203
1181
1158
1125
1094
1078
1065
1049
1022
1002
988
978
968
957
945
937
937
937
937
929
923
921
922
921
921
927
926
922
923
924
929
933
931
930
930
935
933
932
928
928
932
932
931
931
930
929
930
931
933
934
932
929
931
934
934
936
933
934
935
937
940
937
937
935
937
939
943
944
942
945
949
953
954
955
956
962
967
970
969
970
971
974
977
980
984
987
992
991
993
993
995
999
999
997
1002
1004
1005
1002
996
995
997
1001
1003
998
987
982
982
989
987
988
982
979
978
978
981
979
977
974
977
983
984
983
977
970
968
968
973
975
975
973
973
973
974
970
969
968
971
976
975
971
968
967
972
976
976
972
967
965
968
972
974
972
967
967
971
976
975
970
969
970
973
975
974
973
972
971
973
975
977
973
973
968
973
973
973
975
974
975
976
975
978
980
982
983
988
992
995
991
989
988
991
997
1003
1006
1007
1006
1009
1012
1017
1017
1011
1005
1000
999
1002
1003
999
989
982
972
966
963
964
961
960
961
960
961
961
962
960
958
959
958
957
961
962
964
962
961
959
964
965
969
972
972
967
962
962
964
962
965
971
982
1004
1033
1066
1099
1137
1175
1214
1241
1260
1266
1252
1229
1203
1182
1164
1139
1107
1074
1057
1051
1046
1037
1020
999
981
968
958
949
943
940
938
937
936
933
931
929
931
930
931
930
930
929
931
931
934
932
931
929
931
936
937
936
935
929
928
934
939
939
936
932
929
931
932
931
930
931
935
937
938
935
936
935
934
935
936
935
936
934
935
935
938
940
938
939
941
944
946
944
946
947
949
950
951
954
956
958
963
969
972
973
975
973
977
984
987
992
992
993
995
999
1001
1000
1000
997
1000
1001
1004
1003
997
991
992
998
1001
999
995
989
988
985
986
988
990
993
993
998
999
997
990
980
979
983
990
992
987
987
986
991
993
987
985
981
983
988
989
988
986
983
986
988
992
987
981
981
984
987
986
988
987
986
984
987
989
990
987
982
983
985
983
987
987
990
986
984
986
982
982
982
988
989
987
982
979
982
988
992
991
989
985
987
990
995
1001
1001
994
986
988
995
1007
1013
1014
1010
1010
1014
1019
1022
1021
1020
1024
1027
1031
1035
1031
1029
1029
1027
1028
1027
1021
1014
1007
1000
995
987
978
972
970
967
971
973
974
973
978
980
982
973
969
967
968
967
972
973
973
976
978
980
979
979
978
979
982
982
981
978
975
978
993
1014
1043
1075
1108
1143
1183
1221
1250
1275
1289
1283
1259
1231
1207
1187
1167
1134
1105
1085
1076
1058
1039
1018
1005
995
986
977
965
952
944
944
944
945
944
937
939
940
937
934
935
936
938
941
939
936
935
937
938
944
946
944
942
938
939
939
940
938
939
938
937
942
944
942
940
936
936
937
941
940
940
936
937
942
945
946
943
938
939
941
945
947
948
948
951
953
949
946
949
949
952
960
960
961
960
964
969
972
976
977
978
982
984
989
991
992
992
991
992
998
1004
1008
1006
1003
1005
1009
1012
1010
1006
1004
1007
1011
1010
1005
996
987
989
990
993
990
990
986
985
988
989
987
982
982
980
980
979
976
976
975
977
980
982
980
979
975
979
981
984
983
978
977
974
977
976
975
975
974
975
977
977
977
974
976
977
978
974
972
969
969
969
975
979
979
976
971
968
970
975
976
977
974
974
978
979
981
974
966
966
969
976
980
981
978
976
972
971
969
969
972
974
977
978
979
975
974
979
985
990
995
998
996
995
995
994
997
1000
1002
1006
1010
1013
1012
1015
1013
1013
1011
1014
1013
1010
1002
996
990
985
978
967
961
958
961
961
962
957
957
960
961
960
959
956
958
961
963
962
958
958
961
967
970
971
968
967
963
964
965
965
963
958
961
968
986
1010
1042
1077
1117
1159
1193
1217
1241
1264
1277
1283
1267
1240
1208
1179
1148
1116
1091
1074
1061
1043
1020
1002
995
988
974
961
945
936
930
930
929
925
919
918
920
919
920
921
922
922
922
923
927
926
921
922
924
927
929
928
926
927
927
928
927
925
926
925
930
927
922
921
921
923
929
930
930
926
923
925
926
925
923
921
922
923
925
930
932
931
929
933
934
936
937
938
939
940
942
947
948
948
949
952
957
957
958
963
968
975
977
975
974
973
979
988
992
993
989
986
988
993
997
996
993
992
989
988
990
987
983
978
976
977
977
978
973
970
967
967
967
971
970
969
968
970
969
965
963
961
959
959
963
964
962
960
959
959
961
964
966
962
960
959
960
962
960
956
953
952
956
956
957
957
956
952
953
955
956
956
955
955
957
961
959
956
958
958
960
962
958
953
950
952
954
956
955
952
953
954
957
958
956
956
957
958
956
959
958
955
951
951
956
963
966
967
965
966
968
971
972
973
972
974
981
987
990
986
988
991
995
998
1000
999
998
997
997
993
994
992
984
977
967
958
950
946
946
946
947
947
947
942
941
942
946
950
951
950
952
950
945
948
950
950
948
947
950
954
953
952
953
954
955
957
955
953
953
969
992
1026
1060
1090
1122
1165
1202
1233
1253
1263
1256
1233
1211
1190
1167
1148
1114
1079
1054
1038
1031
1016
997
977
971
963
953
941
929
922
925
927
924
922
920
920
920
916
918
917
917
922
927
928
926
924
924
926
927
928
928
926
926
928
935
935
930
925
917
918
927
934
939
933
925
927
928
928
927
927
928
933
933
933
936
933
934
933
935
937
936
939
939
942
948
949
948
950
951
956
959
957
959
960
966
970
975
974
973
976
983
987
992
996
996
990
988
991
993
995
997
996
992
990
986
986
982
981
976
978
982
984
982
985
977
975
972
977
976
975
974
974
978
976
976
976
971
971
972
973
974
973
971
970
971
972
967
968
969
968
970
971
969
971
970
973
972
967
967
970
970
971
972
973
972
971
968
969
971
972
971
969
967
969
974
975
974
969
966
965
970
975
975
972
968
968
969
971
973
971
969
972
972
976
977
981
983
988
994
995
992
991
993
1000
1008
1011
1010
1010
1012
1020
1026
1022
1011
998
998
1004
1009
1009
1000
991
980
970
964
965
966
965
958
956
959
966
965
962
956
953
957
960
961
960
959
960
961
957
956
958
959
965
964
964
965
961
960
957
964
974
985
999
1024
1062
1103
1147
1190
1224
1248
1266
1280
1275
1254
1231
1208
1186
1166
1135
1101
1079
1060
1045
1029
1012
999
984
970
956
952
950
948
939
934
932
932
934
934
934
932
932
936
935
933
936
933
935
937
940
940
939
937
938
939
939
937
936
936
933
936
936
936
935
931
931
932
935
936
933
934
935
938
936
937
936
935
932
936
936
935
937
936
940
947
951
953
956
955
956
957
962
966
968
966
972
978
986
988
986
979
984
990
999
1002
1003
1000
998
997
1003
1002
1001
999
999
1000
1002
1000
996
994
989
983
982
980
987
985
986
986
984
980
977
976
979
983
982
980
980
978
981
979
977
980
978
973
972
976
978
975
973
967
969
970
973
974
973
972
974
974
972
971
971
972
972
971
972
977
975
975
978
977
976
974
972
972
972
977
978
979
975
973
978
979
980
977
974
975
978
983
987
987
983
978
980
983
992
997
998
995
996
999
1005
1010
1011
1016
1021
1023
1020
1019
1016
1015
1016
1016
1012
1008
1005
1001
999
992
981
971
965
964
964
965
