8
9
10
11
20
21
30
31
32
40
41
42
51
52
61
62
86
87
88
89
90
91
92
93
94
95
103
104
108
118
119
120
121
165
178
188
189
190
191
194
195
196
197
198
199
212
224
225
226
227
228
244
245
246
247
248
249
250
267
268
269
270
299
300
301
312
313
346
347
348
349
350
351
356
357
358
368
369
376
377
378
379
388
389
399
400
401
402
403
413
414
415
427
428
429
430
431
432
443
444
453
454
455
457
458
459
460
461
462
463
473
474
507
508
509
510
511
512
537
538
539
540
549
550
551
574
575
576
577
604
605
606
607
614
615
616
617
618
628
629
630
639
640
641
642
650
651
652
653
676
677
678
679
680
681
706
707
708
709
710
711
712
713
714
715
724
725
735
736
758
759
760
761
762
769
770
771
789
790
800
801
802
806
807
808
809
810
811
854
855
856
857
859
860
861
862
863
864
865
870
871
876
877
878
879
880
888
889
890
891
907
915
916
917
925
926
927
936
937
938
959
960
961
962
964
965
966
967
968
979
980
981
991
992
993
1010
1011
1012
1013
1014
1021
1022
1023
1033
1034
1044
1045
1053
1054
1055
1056
1063
1064
1065
1075
1076
1106
1107
1108
1109
1110
1111
1112
1131
1132
1133
1134
1150
1151
1152
1161
1162
1172
1173
1174
1175
1183
1184
1185
1213
1214
1215
1216
1217
1218
1219
1220
1221
1233
1234
1250
1266
1267
1268
1269
1270
1271
1279
1280
1281
1309
1310
1311
1315
1324
1325
1363
1364
1365
1366
1371
1372
1373
1374
1375
1383
1384
1385
1386
1392
1393
1394
1395
1404
1405
1406
1413
1414
1415
1416
1423
1424
1425
1437
1438
1439
1440
1452
1453
1454
1466
1467
1468
1469
1470
1471
1472
1473
1474
1475
1476
1486
1487
1495
1496
1497
1505
1506
1521
1522
1523
1524
1525
1526
1546
1547
1548
1559
1560
1561
1571
1572
1573
1574
1587
1588
1589
1590
1621
1622
1623
1624
1625
1626
1627
1628
1629
1630
1638
1639
1640
1648
1649
1650
1659
1660
1661
1670
1671
1672
1681
1682
1683
1693
1694
1702
1703
1704
1729
1730
1731
1732
1733
1734
1735
1736
1737
1738
1739
1758
1759
1765
1766
1782
1783
1784
1785
1786
1787
1795
1796
1816
1817
1818
1825
1826
1827
1836
1837
1838
1845
1846
1847
1848
1849
1887
1888
1889
1890
1891
1892
1901
1902
1903
1904
1914
1915
1916
1917
1926
1927
1928
1938
1939
1940
1955
1956
1957
1958
1968
1969
1970
1992
1993
1994
1998
1999
2000
2001
2002
2012
2013
2014
2023
2024
2031
2048
2049
2050
2051
2052
2072
2073
2074
2083
2084
2085
2092
2093
2094
2107
2108
2109
2118
2119
2120
2148
2149
2150
2157
2158
2159
2160
2161
2162
2163
2171
2172
2173
2174
2182
2183
2184
2185
2186
2195
2196
2197
2198
2205
2206
2207
2208
2216
2217
2218
2227
2228
2233
2234
2235
2236
2246
2255
2264
2265
2271
2272
2273
2274
2275
2276
2285
2286
2294
2295
2296
2304
2305
2306
2323
2324
2325
2326
2327
2328
2347
2348
2359
2360
2361
2373
2374
2375
2376
2377
2386
2387
2388
2422
2423
2424
2425
2430
2431
2432
2433
2438
2439
2440
2441
2442
2449
2450
2451
2461
2462
2463
2464
2465
2466
2475
2476
2487
2488
2489
2490
2491
2492
2495
2496
2508
2509
2533
2534
2535
2536
2537
2538
2539
2540
2541
2542
2543
2554
2555
2564
2565
2587
2588
2589
2590
2591
2592
2610
2611
2612
2622
2623
2624
2633
2634
2635
2636
2646
2647
2648
2685
2686
2687
2688
2695
2696
2697
2698
2707
2708
2709
2715
2716
2717
2718
2719
2726
2727
2728
2738
2739
2745
2746
2747
2755
2756
2757
2764
2765
2766
2776
2777
2787
2788
2789
2793
2794
2795
2796
2806
2807
2815
2816
2817
2836
2837
2838
2839
2840
2862
2863
2872
2873
2874
2880
2881
2882
2890
2891
2900
2901
2929
2930
2931
2935
2936
2937
2938
2939
2945
2946
2947
2948
2955
2956
2957
2965
2966
2967
2968
2976
2977
2978
2987
2988
2989
2997
2998
2999
3009
3010
3021
3031
3032
3033
3034
3038
3039
3040
3041
3042
3052
3053
3054
3063
3064
3083
3084
3085
3086
3087
3106
3107
3108
3118
3119
3127
3128
3129
3139
3140
3141
3180
3181
3182
3183
3184
3185
3186
3213
3214
3215
3216
3217
3218
3250
3251
3252
3253
3254
3255
3274
3275
3276
3277
3278
3292
3293
3294
3295
3296
3297
3306
3307
3308
3319
3352
3353
3354
3355
3356
3357
3358
3359
3367
3368
3374
3375
3381
3382
3383
3392
3393
3394
3402
3403
3404
3413
3414
3415
3423
3424
3425
3426
3436
3437
3438
3439
3451
3452
3460
3461
3462
3463
3470
3471
3485
3486
3487
3488
3497
3498
3499
3510
3511
3518
3519
3520
3521
3543
3544
3545
3546
3547
3548
3549
3550
3551
3552
3553
3554
3598
3599
3600
3601
3602
3641
3642
3643
3650
3651
3652
3698
3705
3706
3707
3708
3713
3714
3715
3716
3722
3723
3733
3734
3735
3736
3737
3738
3739
3740
3755
3756
3757
3758
3773
3774
3775
3776
3785
3786
3787
3809
3810
3811
3817
3818
3819
3820
3821
3831
3832
3842
3843
3849
3850
3851
3869
3870
3871
3872
3873
3874
3892
3893
3907
3908
3909
3919
3920
3928
3929
3930
3931
3944
3945
3973
3974
3979
3980
3981
3982
3990
3991
3992
3993
4000
4001
4002
4003
4012
4013
4014
4015
4023
4024
4025
4033
4034
4044
4045
4046
4047
4084
4085
4086
4087
4088
4089
4090
4091
4092
4093
4094
4104
4105
4114
4115
4122
4123
4124
4139
4140
4141
4142
4143
4161
4162
4163
4174
4175
4184
4185
4186
4195
4196
4206
4207
4243
4244
4245
4246
4252
4253
4254
4255
4266
4267
4268
4272
4273
4274
4280
4281
4282
4283
4292
4293
4294
4302
4303
4304
4315
4316
4317
4318
4319
4339
4340
4350
4351
4352
4353
4354
4355
4356
4357
4358
4359
4360
4379
4387
4388
4404
4405
4406
4407
4408
4409
4441
4442
4443
4452
4453
4454
4462
4463
4464
4465
4498
4499
4500
4506
4507
4508
4509
4510
4511
4512
4520
4521
4522
4523
4530
4531
4532
4533
4544
4545
4546
4561
4562
4563
4574
4575
4608
4609
4610
4611
4612
4613
4614
4615
4642
4643
4644
4660
4661
4662
4663
4664
4665
4696
4697
4698
4707
4708
4709
4710
4717
4718
4719
4720
4738
4758
4759
4766
4767
4768
4769
4776
4777
4778
4779
4784
4785
4786
4787
4795
4796
4797
4798
4799
4810
4811
4812
4821
4822
4823
4824
4832
4833
4834
4842
4843
4844
4857
4858
4859
4869
4870
4871
4872
4873
4874
4875
4876
4877
4878
4905
4906
4907
4923
4924
4925
4926
4927
4964
4965
4975
4976
4977
4987
4988
4989
5018
5019
5027
5028
5029
5030
5037
5038
5043
5044
5045
5046
5047
5053
5054
5057
5058
5059
5060
5061
5071
5072
5073
5080
5081
5082
5090
5091
5092
5128
5129
5130
5131
5132
5133
5134
5135
5136
5137
5149
5150
5160
5161
5162
5178
5179
5180
5181
5182
5201
5202
5203
5212
5213
5221
5222
5223
5224
5233
5234
5270
5271
5272
5273
5274
5275
5276
5277
5278
5279
5280
5281
5282
5289
5290
5291
5299
5300
5301
5302
5310
5311
5312
5323
5324
5325
5335
5336
5342
5343
5344
5354
5355
5376
5377
5378
5379
5380
5381
5382
5383
5384
5385
5403
5404
5411
5412
5413
5426
5427
5428
5429
5430
5431
5464
5465
5472
5473
5474
5480
5481
5490
5491
5521
5522
5523
5524
5530
5531
5532
5533
5534
5543
5544
5545
5551
5552
5553
5554
5561
5562
5563
5575
5576
5577
5578
5588
5589
5597
5598
5624
5625
5626
5627
5630
5631
5632
5633
5634
5635
5645
5646
5655
5656
5664
5665
5679
5680
5681
5682
5683
5684
5701
5702
5703
5718
5719
5720
5721
5743
5744
5779
5780
5781
5782
5783
5784
5785
5786
5787
5793
5794
5795
5803
5804
5805
5806
5814
5815
5816
5825
5826
5827
5828
5839
5840
5850
5851
5852
5853
5881
5882
5883
5884
5888
5889
5890
5891
5892
5902
5903
5904
5919
5920
5936
5937
5938
5939
5940
5948
5949
5950
5951
5961
5962
5971
5972
5973
5980
5983
5984
5985
5986
5987
5997
5998
5999
6038
6039
6042
6043
6044
6045
6049
6050
6051
6052
6061
6062
6063
6072
6073
6074
6083
6084
6085
6086
6095
6096
6097
6098
6107
6108
6109
6129
6148
6149
6150
6151
6152
6153
6154
6155
6156
6157
6169
6170
6171
6181
6182
6201
6202
6203
6204
6205
6206
6227
6228
6243
6244
6245
6246
6254
6255
6256
6266
6267
6277
6278
6307
6308
6311
6312
6313
6314
6315
6324
6325
6326
6327
6343
6344
6345
6346
6347
6357
6358
6359
6360
6361
6369
6370
6371
6379
6380
6381
6389
6390
6391
6418
6419
6420
6421
6422
6423
6424
6425
6426
6427
6438
6439
6453
6454
6455
6472
6473
6474
6475
6476
6477
6516
6517
6518
6522
6523
6532
6533
6534
6576
6577
6578
6579
6580
6581
6582
6583
6584
6590
6599
6600
6601
6602
6613
6614
6615
6616
6617
6618
6619
6620
6629
6630
6640
6641
6642
6643
6644
6660
6661
6662
6688
6689
6690
6691
6692
6693
6694
6695
6696
6714
6715
6716
6741
6742
6743
6744
6745
6746
6767
6768
6778
6779
6787
6788
6789
6797
6798
6799
6807
6808
6837
6838
6839
6842
6843
6844
6845
6846
6847
6855
6856
6857
6858
6866
6867
6868
6875
6876
6877
6878
6887
6888
6889
6896
6897
6898
6899
6907
6908
6909
6917
6918
6942
6943
6944
6949
6950
6951
6952
6953
6962
6963
6964
6972
6973
6996
6997
6998
6999
7000
7001
7036
7037
7038
7039
7040
7045
7046
7047
7056
7057
7058
7059
7092
7093
7094
7098
7099
7100
7101
7102
7103
7111
7112
7113
7121
7122
7123
7124
7129
7130
7131
7132
7140
7141
7142
7152
7153
7154
7163
7164
7165
7189
7190
7191
7192
7193
7194
7195
7196
7197
7198
7199
